<?xml version="1.0" encoding="UTF-8"?>
<!-- Generated by org.testng.reporters.JUnitReportReporter -->
<testsuite hostname="Rajesh-PC" name="package1.facebook" tests="1" failures="0" timestamp="28 Apr 2017 14:02:02 GMT" time="8.260" errors="0">
  <testcase name="test" time="8.260" classname="package1.facebook"/>
</testsuite> <!-- package1.facebook -->
